<?xml version="1.0" encoding="UTF-8" ?>
<testsuite errors="0" failures="0" hostname="plain.local" name="gov.nih.nci.qa.selenium.test.AdHocReportTest" tests="24" time="1433.198" timestamp="2011-09-29T21:15:58">
  <properties>
    <property name="java.vendor" value="Apple Inc." />
    <property name="lib.dir" value="lib" />
    <property name="sun.java.launcher" value="SUN_STANDARD" />
    <property name="eclipse.pdebuild.templates" value="/Applications/eclipse/plugins/org.eclipse.pde.build_3.7.0.v20110512-1320/templates//" />
    <property name="sun.management.compiler" value="HotSpot 64-Bit Tiered Compilers" />
    <property name="os.name" value="Mac OS X" />
    <property name="sun.boot.class.path" value="/System/Library/Java/JavaVirtualMachines/1.6.0.jdk/Contents/Classes/jsfd.jar:/System/Library/Java/JavaVirtualMachines/1.6.0.jdk/Contents/Classes/classes.jar:/System/Library/Frameworks/JavaVM.framework/Frameworks/JavaRuntimeSupport.framework/Resources/Java/JavaRuntimeSupport.jar:/System/Library/Java/JavaVirtualMachines/1.6.0.jdk/Contents/Classes/ui.jar:/System/Library/Java/JavaVirtualMachines/1.6.0.jdk/Contents/Classes/laf.jar:/System/Library/Java/JavaVirtualMachines/1.6.0.jdk/Contents/Classes/sunrsasign.jar:/System/Library/Java/JavaVirtualMachines/1.6.0.jdk/Contents/Classes/jsse.jar:/System/Library/Java/JavaVirtualMachines/1.6.0.jdk/Contents/Classes/jce.jar:/System/Library/Java/JavaVirtualMachines/1.6.0.jdk/Contents/Classes/charsets.jar" />
    <property name="java.vm.specification.vendor" value="Sun Microsystems Inc." />
    <property name="ant.home" value="/Applications/eclipse/plugins/org.apache.ant_1.8.2.v20110505-1300" />
    <property name="java.runtime.version" value="1.6.0_26-b03-384-10M3425" />
    <property name="user.name" value="kgann" />
    <property name="test.classes.dir" value="target/test-classes" />
    <property name="awt.nativeDoubleBuffering" value="true" />
    <property name="user.language" value="en" />
    <property name="test.report.dir" value="target/test-reports" />
    <property name="sun.boot.library.path" value="/System/Library/Java/JavaVirtualMachines/1.6.0.jdk/Contents/Libraries" />
    <property name="ant.file.ctro-selenium2" value="/Users/kgann/src/performance/ctro-selenium2/build.xml" />
    <property name="ant.project.default-target" value="test" />
    <property name="ant.project.name" value="ctro-selenium2" />
    <property name="java.version" value="1.6.0_26" />
    <property name="user.timezone" value="" />
    <property name="ant.file.type.ctro-selenium2" value="file" />
    <property name="sun.arch.data.model" value="64" />
    <property name="test.pattern" value="**/**Test.java" />
    <property name="http.nonProxyHosts" value="local|*.local|169.254/16|*.169.254/16" />
    <property name="java.endorsed.dirs" value="/System/Library/Java/JavaVirtualMachines/1.6.0.jdk/Contents/Home/lib/endorsed" />
    <property name="sun.cpu.isalist" value="" />
    <property name="sun.jnu.encoding" value="MacRoman" />
    <property name="file.encoding.pkg" value="sun.io" />
    <property name="file.separator" value="/" />
    <property name="java.specification.name" value="Java Platform API Specification" />
    <property name="classes.dir" value="target/classes" />
    <property name="java.class.version" value="50.0" />
    <property name="user.country" value="US" />
    <property name="java.home" value="/System/Library/Java/JavaVirtualMachines/1.6.0.jdk/Contents/Home" />
    <property name="java.vm.info" value="mixed mode" />
    <property name="ant.file" value="/Users/kgann/src/performance/ctro-selenium2/build.xml" />
    <property name="os.version" value="10.6.8" />
    <property name="path.separator" value=":" />
    <property name="java.vm.version" value="20.1-b02-384" />
    <property name="ant.library.dir" value="/Applications/eclipse/plugins/org.apache.ant_1.8.2.v20110505-1300/lib" />
    <property name="java.awt.printerjob" value="apple.awt.CPrinterJob" />
    <property name="sun.io.unicode.encoding" value="UnicodeLittle" />
    <property name="awt.toolkit" value="apple.awt.CToolkit" />
    <property name="socksNonProxyHosts" value="local|*.local|169.254/16|*.169.254/16" />
    <property name="ftp.nonProxyHosts" value="local|*.local|169.254/16|*.169.254/16" />
    <property name="eclipse.pdebuild.scripts" value="/Applications/eclipse/plugins/org.eclipse.pde.build_3.7.0.v20110512-1320/scripts//" />
    <property name="user.home" value="/Users/kgann" />
    <property name="java.specification.vendor" value="Sun Microsystems Inc." />
    <property name="java.library.path" value=".:/Library/Java/Extensions:/System/Library/Java/Extensions:/usr/lib/java" />
    <property name="java.vendor.url" value="http://www.apple.com/" />
    <property name="java.vm.vendor" value="Apple Inc." />
    <property name="gopherProxySet" value="false" />
    <property name="java.runtime.name" value="Java(TM) SE Runtime Environment" />
    <property name="sun.java.command" value="org.apache.tools.ant.taskdefs.optional.junit.JUnitTestRunner gov.nih.nci.qa.selenium.test.AdHocReportTest filtertrace=true haltOnError=false haltOnFailure=false formatter=org.apache.tools.ant.taskdefs.optional.junit.SummaryJUnitResultFormatter showoutput=false outputtoformatters=true logfailedtests=true logtestlistenerevents=false formatter=org.apache.tools.ant.taskdefs.optional.junit.XMLJUnitResultFormatter,/Users/kgann/src/performance/ctro-selenium2/target/test-reports/TEST-gov.nih.nci.qa.selenium.test.AdHocReportTest.xml crashfile=/Users/kgann/src/performance/ctro-selenium2/junitvmwatcher7851506502303557295.properties propsfile=/Users/kgann/src/performance/ctro-selenium2/junit5429967436770039033.properties" />
    <property name="java.class.path" value="/Users/kgann/src/performance/ctro-selenium2/target/test-classes:/Users/kgann/src/performance/ctro-selenium2/target/classes:/Users/kgann/src/performance/ctro-selenium2/lib/apache-mime4j-0.6.jar:/Users/kgann/src/performance/ctro-selenium2/lib/bsh-1.3.0.jar:/Users/kgann/src/performance/ctro-selenium2/lib/cglib-nodep-2.1_3.jar:/Users/kgann/src/performance/ctro-selenium2/lib/commons-codec-1.4.jar:/Users/kgann/src/performance/ctro-selenium2/lib/commons-collections-3.2.1.jar:/Users/kgann/src/performance/ctro-selenium2/lib/commons-io-2.0.1.jar:/Users/kgann/src/performance/ctro-selenium2/lib/commons-jxpath-1.3.jar:/Users/kgann/src/performance/ctro-selenium2/lib/commons-lang-2.6.jar:/Users/kgann/src/performance/ctro-selenium2/lib/commons-logging-1.1.1.jar:/Users/kgann/src/performance/ctro-selenium2/lib/cssparser-0.9.5.jar:/Users/kgann/src/performance/ctro-selenium2/lib/guava-r09.jar:/Users/kgann/src/performance/ctro-selenium2/lib/hamcrest-all-1.1.jar:/Users/kgann/src/performance/ctro-selenium2/lib/htmlunit-2.9.jar:/Users/kgann/src/performance/ctro-selenium2/lib/htmlunit-core-js-2.9.jar:/Users/kgann/src/performance/ctro-selenium2/lib/httpclient-4.1.2.jar:/Users/kgann/src/performance/ctro-selenium2/lib/httpcore-4.1.3.jar:/Users/kgann/src/performance/ctro-selenium2/lib/httpmime-4.1.2.jar:/Users/kgann/src/performance/ctro-selenium2/lib/jcommander-1.13.jar:/Users/kgann/src/performance/ctro-selenium2/lib/jna-3.3.0.jar:/Users/kgann/src/performance/ctro-selenium2/lib/json-20080701.jar:/Users/kgann/src/performance/ctro-selenium2/lib/junit-4.9.jar:/Users/kgann/src/performance/ctro-selenium2/lib/junit-dep-4.8.1.jar:/Users/kgann/src/performance/ctro-selenium2/lib/nekohtml-1.9.15.jar:/Users/kgann/src/performance/ctro-selenium2/lib/operadriver-v0.7.3.jar:/Users/kgann/src/performance/ctro-selenium2/lib/protobuf-java-2.4.1.jar:/Users/kgann/src/performance/ctro-selenium2/lib/sac-1.3.jar:/Users/kgann/src/performance/ctro-selenium2/lib/selenium-java-2.7.0.jar:/Users/kgann/src/performance/ctro-selenium2/lib/serializer-2.7.1.jar:/Users/kgann/src/performance/ctro-selenium2/lib/testng-6.0.1-nobsh-noguice.jar:/Users/kgann/src/performance/ctro-selenium2/lib/xalan-2.7.1.jar:/Users/kgann/src/performance/ctro-selenium2/lib/xercesImpl-2.9.1.jar:/Users/kgann/src/performance/ctro-selenium2/lib/xml-apis-1.3.04.jar:/Applications/eclipse/plugins/org.apache.ant_1.8.2.v20110505-1300/lib/ant-launcher.jar:/Applications/eclipse/plugins/org.apache.ant_1.8.2.v20110505-1300/lib/ant.jar:/Applications/eclipse/plugins/org.apache.ant_1.8.2.v20110505-1300/lib/ant-junit.jar:/Applications/eclipse/plugins/org.apache.ant_1.8.2.v20110505-1300/lib/ant-junit4.jar" />
    <property name="ant.version" value="Apache Ant(TM) version 1.8.2 compiled on December 20 2010" />
    <property name="java.vm.specification.name" value="Java Virtual Machine Specification" />
    <property name="java.vm.specification.version" value="1.0" />
    <property name="sun.cpu.endian" value="little" />
    <property name="sun.os.patch.level" value="unknown" />
    <property name="eclipse.pdebuild.home" value="/Applications/eclipse/plugins/org.eclipse.pde.build_3.7.0.v20110512-1320/.//" />
    <property name="java.io.tmpdir" value="/var/folders/e6/e6Lcew2gF6W1J8ASWGU3Ek+++TI/-Tmp-/" />
    <property name="java.vendor.url.bug" value="http://bugreport.apple.com/" />
    <property name="mrj.build" value="10M3425" />
    <property name="os.arch" value="x86_64" />
    <property name="java.awt.graphicsenv" value="apple.awt.CGraphicsEnvironment" />
    <property name="java.ext.dirs" value="/Library/Java/Extensions:/System/Library/Java/Extensions:/System/Library/Java/JavaVirtualMachines/1.6.0.jdk/Contents/Home/lib/ext" />
    <property name="mrj.version" value="1060.1.6.0_26-384" />
    <property name="test.source.dir" value="test" />
    <property name="user.dir" value="/Users/kgann/src/performance/ctro-selenium2" />
    <property name="line.separator" value="&#xa;" />
    <property name="java.vm.name" value="Java HotSpot(TM) 64-Bit Server VM" />
    <property name="basedir" value="/Users/kgann/src/performance/ctro-selenium2" />
    <property name="ant.java.version" value="1.6" />
    <property name="default.target.dir" value="target" />
    <property name="ant.core.lib" value="/Applications/eclipse/plugins/org.apache.ant_1.8.2.v20110505-1300/lib/ant.jar" />
    <property name="file.encoding" value="MacRoman" />
    <property name="source.dir" value="src" />
    <property name="java.specification.version" value="1.6" />
    <property name="ant.project.invoked-targets" value="test" />
  </properties>
  <testcase classname="gov.nih.nci.qa.selenium.test.AdHocReportTest" name="criteriaErrorDisplayed" time="23.453" />
  <testcase classname="gov.nih.nci.qa.selenium.test.AdHocReportTest" name="noResultsDisplayed" time="29.657" />
  <testcase classname="gov.nih.nci.qa.selenium.test.AdHocReportTest" name="firstCustomerTestCase" time="42.325" />
  <testcase classname="gov.nih.nci.qa.selenium.test.AdHocReportTest" name="secondCustomerTestCase" time="42.297" />
  <testcase classname="gov.nih.nci.qa.selenium.test.AdHocReportTest" name="thirdCustomerTestCase" time="39.498" />
  <testcase classname="gov.nih.nci.qa.selenium.test.AdHocReportTest" name="databaseResultCount5740" time="327.064" />
  <testcase classname="gov.nih.nci.qa.selenium.test.AdHocReportTest" name="resultsExceedFiveHundred" time="134.249" />
  <testcase classname="gov.nih.nci.qa.selenium.test.AdHocReportTest" name="databaseResultCount1453" time="78.13" />
  <testcase classname="gov.nih.nci.qa.selenium.test.AdHocReportTest" name="databaseResultCount694" time="52.544" />
  <testcase classname="gov.nih.nci.qa.selenium.test.AdHocReportTest" name="databaseResultCount365" time="44.933" />
  <testcase classname="gov.nih.nci.qa.selenium.test.AdHocReportTest" name="milestoneTrialSummaryReportSentData" time="84.144" />
  <testcase classname="gov.nih.nci.qa.selenium.test.AdHocReportTest" name="preventionAndIndustrial" time="38.291" />
  <testcase classname="gov.nih.nci.qa.selenium.test.AdHocReportTest" name="principalInvestigatorSelected" time="36.816" />
  <testcase classname="gov.nih.nci.qa.selenium.test.AdHocReportTest" name="processingStatusGeneralError" time="42.466" />
  <testcase classname="gov.nih.nci.qa.selenium.test.AdHocReportTest" name="processingStatusRejected" time="67.405" />
  <testcase classname="gov.nih.nci.qa.selenium.test.AdHocReportTest" name="currentTrialStatusEnrollingByInvitation" time="47.839" />
  <testcase classname="gov.nih.nci.qa.selenium.test.AdHocReportTest" name="ziopharmOncologySingleCriteria" time="36.317" />
  <testcase classname="gov.nih.nci.qa.selenium.test.AdHocReportTest" name="ziopharmOncologyTwoCriteria" time="36.324" />
  <testcase classname="gov.nih.nci.qa.selenium.test.AdHocReportTest" name="ziopharmOncologyThreeCriteria" time="39.74" />
  <testcase classname="gov.nih.nci.qa.selenium.test.AdHocReportTest" name="ziopharmOncologyFiveCriteria" time="38.786" />
  <testcase classname="gov.nih.nci.qa.selenium.test.AdHocReportTest" name="ziopharmOncologyOfficialTitle" time="26.84" />
  <testcase classname="gov.nih.nci.qa.selenium.test.AdHocReportTest" name="summary4SponsorDiseaseConditionInstitutional" time="49.486" />
  <testcase classname="gov.nih.nci.qa.selenium.test.AdHocReportTest" name="nciIdentifier" time="26.624" />
  <testcase classname="gov.nih.nci.qa.selenium.test.AdHocReportTest" name="diseaseCondition" time="47.781" />
  <system-out><![CDATA[]]></system-out>
  <system-err><![CDATA[]]></system-err>
</testsuite>
